Mar 30 2025 02:14:53
{"Number":8192,"Message":"rtrim(): Passing null to parameter #1 ($string) of type string is deprecated","File":"\/home\/yestech\/domains\/yestech.vn\/public_html\/quaca\/wp-includes\/formatting.php","Line":2819}

Mar 30 2025 02:14:53
{"Number":8192,"Message":"rtrim(): Passing null to parameter #1 ($string) of type string is deprecated","File":"\/home\/yestech\/domains\/yestech.vn\/public_html\/quaca\/wp-includes\/formatting.php","Line":2819}

Mar 30 2025 02:14:53
{"Number":8192,"Message":"rtrim(): Passing null to parameter #1 ($string) of type string is deprecated","File":"\/home\/yestech\/domains\/yestech.vn\/public_html\/quaca\/wp-includes\/formatting.php","Line":2819}

Mar 30 2025 02:14:53
{"Number":8192,"Message":"rtrim(): Passing null to parameter #1 ($string) of type string is deprecated","File":"\/home\/yestech\/domains\/yestech.vn\/public_html\/quaca\/wp-includes\/formatting.php","Line":2819}

Mar 30 2025 02:14:53
{"Number":8192,"Message":"rtrim(): Passing null to parameter #1 ($string) of type string is deprecated","File":"\/home\/yestech\/domains\/yestech.vn\/public_html\/quaca\/wp-includes\/formatting.php","Line":2819}

Mar 30 2025 02:14:53
{"Number":8192,"Message":"rtrim(): Passing null to parameter #1 ($string) of type string is deprecated","File":"\/home\/yestech\/domains\/yestech.vn\/public_html\/quaca\/wp-includes\/formatting.php","Line":2819}

Mar 30 2025 02:14:53
{"Number":8192,"Message":"rtrim(): Passing null to parameter #1 ($string) of type string is deprecated","File":"\/home\/yestech\/domains\/yestech.vn\/public_html\/quaca\/wp-includes\/formatting.php","Line":2819}

Mar 30 2025 02:14:53
{"Number":8192,"Message":"rtrim(): Passing null to parameter #1 ($string) of type string is deprecated","File":"\/home\/yestech\/domains\/yestech.vn\/public_html\/quaca\/wp-includes\/formatting.php","Line":2819}

Mar 30 2025 02:14:53
{"Number":8192,"Message":"rtrim(): Passing null to parameter #1 ($string) of type string is deprecated","File":"\/home\/yestech\/domains\/yestech.vn\/public_html\/quaca\/wp-includes\/formatting.php","Line":2819}

Mar 30 2025 02:14:53
{"Number":8192,"Message":"rtrim(): Passing null to parameter #1 ($string) of type string is deprecated","File":"\/home\/yestech\/domains\/yestech.vn\/public_html\/quaca\/wp-includes\/formatting.php","Line":2819}

Mar 30 2025 02:14:53
{"Number":8192,"Message":"rtrim(): Passing null to parameter #1 ($string) of type string is deprecated","File":"\/home\/yestech\/domains\/yestech.vn\/public_html\/quaca\/wp-includes\/formatting.php","Line":2819}

Mar 30 2025 02:14:53
{"Number":8192,"Message":"rtrim(): Passing null to parameter #1 ($string) of type string is deprecated","File":"\/home\/yestech\/domains\/yestech.vn\/public_html\/quaca\/wp-includes\/formatting.php","Line":2819}

Mar 30 2025 02:14:53
{"Number":8192,"Message":"rtrim(): Passing null to parameter #1 ($string) of type string is deprecated","File":"\/home\/yestech\/domains\/yestech.vn\/public_html\/quaca\/wp-includes\/formatting.php","Line":2819}

Mar 30 2025 02:14:53
{"Number":8192,"Message":"rtrim(): Passing null to parameter #1 ($string) of type string is deprecated","File":"\/home\/yestech\/domains\/yestech.vn\/public_html\/quaca\/wp-includes\/formatting.php","Line":2819}

Mar 30 2025 02:14:53
{"Number":8192,"Message":"rtrim(): Passing null to parameter #1 ($string) of type string is deprecated","File":"\/home\/yestech\/domains\/yestech.vn\/public_html\/quaca\/wp-includes\/formatting.php","Line":2819}

Mar 30 2025 02:14:53
{"Number":8192,"Message":"rtrim(): Passing null to parameter #1 ($string) of type string is deprecated","File":"\/home\/yestech\/domains\/yestech.vn\/public_html\/quaca\/wp-includes\/formatting.php","Line":2819}

Mar 30 2025 02:14:53
{"Number":8192,"Message":"rtrim(): Passing null to parameter #1 ($string) of type string is deprecated","File":"\/home\/yestech\/domains\/yestech.vn\/public_html\/quaca\/wp-includes\/formatting.php","Line":2819}

Mar 30 2025 02:14:53
{"Number":8192,"Message":"rtrim(): Passing null to parameter #1 ($string) of type string is deprecated","File":"\/home\/yestech\/domains\/yestech.vn\/public_html\/quaca\/wp-includes\/formatting.php","Line":2819}

Mar 30 2025 02:14:53
{"Number":8192,"Message":"rtrim(): Passing null to parameter #1 ($string) of type string is deprecated","File":"\/home\/yestech\/domains\/yestech.vn\/public_html\/quaca\/wp-includes\/formatting.php","Line":2819}

Mar 30 2025 02:14:53
{"Number":8192,"Message":"rtrim(): Passing null to parameter #1 ($string) of type string is deprecated","File":"\/home\/yestech\/domains\/yestech.vn\/public_html\/quaca\/wp-includes\/formatting.php","Line":2819}

Mar 30 2025 02:14:53
{"Number":8192,"Message":"rtrim(): Passing null to parameter #1 ($string) of type string is deprecated","File":"\/home\/yestech\/domains\/yestech.vn\/public_html\/quaca\/wp-includes\/formatting.php","Line":2819}

Mar 30 2025 02:14:53
{"Number":8192,"Message":"rtrim(): Passing null to parameter #1 ($string) of type string is deprecated","File":"\/home\/yestech\/domains\/yestech.vn\/public_html\/quaca\/wp-includes\/formatting.php","Line":2819}

Mar 30 2025 02:14:53
{"Number":8192,"Message":"rtrim(): Passing null to parameter #1 ($string) of type string is deprecated","File":"\/home\/yestech\/domains\/yestech.vn\/public_html\/quaca\/wp-includes\/formatting.php","Line":2819}

Mar 30 2025 02:14:53
{"Number":8192,"Message":"rtrim(): Passing null to parameter #1 ($string) of type string is deprecated","File":"\/home\/yestech\/domains\/yestech.vn\/public_html\/quaca\/wp-includes\/formatting.php","Line":2819}

Mar 30 2025 02:14:53
{"Number":8192,"Message":"rtrim(): Passing null to parameter #1 ($string) of type string is deprecated","File":"\/home\/yestech\/domains\/yestech.vn\/public_html\/quaca\/wp-includes\/formatting.php","Line":2819}

Mar 30 2025 02:14:53
{"Number":8192,"Message":"rtrim(): Passing null to parameter #1 ($string) of type string is deprecated","File":"\/home\/yestech\/domains\/yestech.vn\/public_html\/quaca\/wp-includes\/formatting.php","Line":2819}

Mar 30 2025 02:14:53
{"Number":8192,"Message":"rtrim(): Passing null to parameter #1 ($string) of type string is deprecated","File":"\/home\/yestech\/domains\/yestech.vn\/public_html\/quaca\/wp-includes\/formatting.php","Line":2819}

Mar 30 2025 02:14:53
{"Number":8192,"Message":"rtrim(): Passing null to parameter #1 ($string) of type string is deprecated","File":"\/home\/yestech\/domains\/yestech.vn\/public_html\/quaca\/wp-includes\/formatting.php","Line":2819}

Mar 30 2025 02:14:53
{"Number":8192,"Message":"rtrim(): Passing null to parameter #1 ($string) of type string is deprecated","File":"\/home\/yestech\/domains\/yestech.vn\/public_html\/quaca\/wp-includes\/formatting.php","Line":2819}

Mar 30 2025 02:14:53
{"Number":8192,"Message":"rtrim(): Passing null to parameter #1 ($string) of type string is deprecated","File":"\/home\/yestech\/domains\/yestech.vn\/public_html\/quaca\/wp-includes\/formatting.php","Line":2819}

Apr 16 2025 14:22:44
{"Number":8192,"Message":"rtrim(): Passing null to parameter #1 ($string) of type string is deprecated","File":"C:\\xampp\\htdocs\\code\\navona\\wordpress\\wp-includes\\formatting.php","Line":2819}

Apr 16 2025 14:22:44
{"Number":8192,"Message":"rtrim(): Passing null to parameter #1 ($string) of type string is deprecated","File":"C:\\xampp\\htdocs\\code\\navona\\wordpress\\wp-includes\\formatting.php","Line":2819}

Apr 16 2025 14:22:44
{"Number":8192,"Message":"rtrim(): Passing null to parameter #1 ($string) of type string is deprecated","File":"C:\\xampp\\htdocs\\code\\navona\\wordpress\\wp-includes\\formatting.php","Line":2819}

Apr 16 2025 14:22:44
{"Number":8192,"Message":"rtrim(): Passing null to parameter #1 ($string) of type string is deprecated","File":"C:\\xampp\\htdocs\\code\\navona\\wordpress\\wp-includes\\formatting.php","Line":2819}

Apr 16 2025 14:22:44
{"Number":8192,"Message":"rtrim(): Passing null to parameter #1 ($string) of type string is deprecated","File":"C:\\xampp\\htdocs\\code\\navona\\wordpress\\wp-includes\\formatting.php","Line":2819}

Apr 16 2025 14:22:44
{"Number":8192,"Message":"rtrim(): Passing null to parameter #1 ($string) of type string is deprecated","File":"C:\\xampp\\htdocs\\code\\navona\\wordpress\\wp-includes\\formatting.php","Line":2819}

Apr 16 2025 14:22:44
{"Number":8192,"Message":"rtrim(): Passing null to parameter #1 ($string) of type string is deprecated","File":"C:\\xampp\\htdocs\\code\\navona\\wordpress\\wp-includes\\formatting.php","Line":2819}

Apr 16 2025 14:22:44
{"Number":8192,"Message":"rtrim(): Passing null to parameter #1 ($string) of type string is deprecated","File":"C:\\xampp\\htdocs\\code\\navona\\wordpress\\wp-includes\\formatting.php","Line":2819}

Apr 16 2025 14:22:44
{"Number":8192,"Message":"rtrim(): Passing null to parameter #1 ($string) of type string is deprecated","File":"C:\\xampp\\htdocs\\code\\navona\\wordpress\\wp-includes\\formatting.php","Line":2819}

Apr 16 2025 14:22:44
{"Number":8192,"Message":"rtrim(): Passing null to parameter #1 ($string) of type string is deprecated","File":"C:\\xampp\\htdocs\\code\\navona\\wordpress\\wp-includes\\formatting.php","Line":2819}

Apr 16 2025 14:22:44
{"Number":8192,"Message":"rtrim(): Passing null to parameter #1 ($string) of type string is deprecated","File":"C:\\xampp\\htdocs\\code\\navona\\wordpress\\wp-includes\\formatting.php","Line":2819}

Apr 16 2025 14:22:44
{"Number":8192,"Message":"rtrim(): Passing null to parameter #1 ($string) of type string is deprecated","File":"C:\\xampp\\htdocs\\code\\navona\\wordpress\\wp-includes\\formatting.php","Line":2819}

Apr 16 2025 14:22:44
{"Number":8192,"Message":"rtrim(): Passing null to parameter #1 ($string) of type string is deprecated","File":"C:\\xampp\\htdocs\\code\\navona\\wordpress\\wp-includes\\formatting.php","Line":2819}

Apr 16 2025 14:22:44
{"Number":8192,"Message":"rtrim(): Passing null to parameter #1 ($string) of type string is deprecated","File":"C:\\xampp\\htdocs\\code\\navona\\wordpress\\wp-includes\\formatting.php","Line":2819}

Apr 16 2025 14:22:44
{"Number":8192,"Message":"rtrim(): Passing null to parameter #1 ($string) of type string is deprecated","File":"C:\\xampp\\htdocs\\code\\navona\\wordpress\\wp-includes\\formatting.php","Line":2819}

Apr 16 2025 14:22:44
{"Number":8192,"Message":"rtrim(): Passing null to parameter #1 ($string) of type string is deprecated","File":"C:\\xampp\\htdocs\\code\\navona\\wordpress\\wp-includes\\formatting.php","Line":2819}

Apr 16 2025 14:22:44
{"Number":8192,"Message":"rtrim(): Passing null to parameter #1 ($string) of type string is deprecated","File":"C:\\xampp\\htdocs\\code\\navona\\wordpress\\wp-includes\\formatting.php","Line":2819}

Apr 16 2025 14:22:44
{"Number":8192,"Message":"rtrim(): Passing null to parameter #1 ($string) of type string is deprecated","File":"C:\\xampp\\htdocs\\code\\navona\\wordpress\\wp-includes\\formatting.php","Line":2819}

Apr 16 2025 14:22:44
{"Number":8192,"Message":"rtrim(): Passing null to parameter #1 ($string) of type string is deprecated","File":"C:\\xampp\\htdocs\\code\\navona\\wordpress\\wp-includes\\formatting.php","Line":2819}

Apr 16 2025 14:22:44
{"Number":8192,"Message":"rtrim(): Passing null to parameter #1 ($string) of type string is deprecated","File":"C:\\xampp\\htdocs\\code\\navona\\wordpress\\wp-includes\\formatting.php","Line":2819}

Apr 16 2025 14:22:44
{"Number":8192,"Message":"rtrim(): Passing null to parameter #1 ($string) of type string is deprecated","File":"C:\\xampp\\htdocs\\code\\navona\\wordpress\\wp-includes\\formatting.php","Line":2819}

Apr 16 2025 14:22:44
{"Number":8192,"Message":"rtrim(): Passing null to parameter #1 ($string) of type string is deprecated","File":"C:\\xampp\\htdocs\\code\\navona\\wordpress\\wp-includes\\formatting.php","Line":2819}

Apr 16 2025 14:22:44
{"Number":8192,"Message":"rtrim(): Passing null to parameter #1 ($string) of type string is deprecated","File":"C:\\xampp\\htdocs\\code\\navona\\wordpress\\wp-includes\\formatting.php","Line":2819}

Apr 16 2025 14:22:44
{"Number":8192,"Message":"rtrim(): Passing null to parameter #1 ($string) of type string is deprecated","File":"C:\\xampp\\htdocs\\code\\navona\\wordpress\\wp-includes\\formatting.php","Line":2819}

Apr 16 2025 14:22:44
{"Number":8192,"Message":"rtrim(): Passing null to parameter #1 ($string) of type string is deprecated","File":"C:\\xampp\\htdocs\\code\\navona\\wordpress\\wp-includes\\formatting.php","Line":2819}

Apr 16 2025 14:22:44
{"Number":8192,"Message":"rtrim(): Passing null to parameter #1 ($string) of type string is deprecated","File":"C:\\xampp\\htdocs\\code\\navona\\wordpress\\wp-includes\\formatting.php","Line":2819}

Apr 16 2025 14:22:44
{"Number":8192,"Message":"rtrim(): Passing null to parameter #1 ($string) of type string is deprecated","File":"C:\\xampp\\htdocs\\code\\navona\\wordpress\\wp-includes\\formatting.php","Line":2819}

Apr 16 2025 14:22:44
{"Number":8192,"Message":"rtrim(): Passing null to parameter #1 ($string) of type string is deprecated","File":"C:\\xampp\\htdocs\\code\\navona\\wordpress\\wp-includes\\formatting.php","Line":2819}

Apr 16 2025 14:22:44
{"Number":8192,"Message":"rtrim(): Passing null to parameter #1 ($string) of type string is deprecated","File":"C:\\xampp\\htdocs\\code\\navona\\wordpress\\wp-includes\\formatting.php","Line":2819}

Apr 16 2025 14:22:44
{"Number":8192,"Message":"rtrim(): Passing null to parameter #1 ($string) of type string is deprecated","File":"C:\\xampp\\htdocs\\code\\navona\\wordpress\\wp-includes\\formatting.php","Line":2819}

Apr 16 2025 14:22:44
{"Number":8192,"Message":"rtrim(): Passing null to parameter #1 ($string) of type string is deprecated","File":"C:\\xampp\\htdocs\\code\\navona\\wordpress\\wp-includes\\formatting.php","Line":2819}

Apr 16 2025 14:22:44
{"Number":8192,"Message":"rtrim(): Passing null to parameter #1 ($string) of type string is deprecated","File":"C:\\xampp\\htdocs\\code\\navona\\wordpress\\wp-includes\\formatting.php","Line":2819}

Apr 16 2025 14:22:44
{"Number":8192,"Message":"rtrim(): Passing null to parameter #1 ($string) of type string is deprecated","File":"C:\\xampp\\htdocs\\code\\navona\\wordpress\\wp-includes\\formatting.php","Line":2819}

Apr 16 2025 14:22:44
{"Number":8192,"Message":"rtrim(): Passing null to parameter #1 ($string) of type string is deprecated","File":"C:\\xampp\\htdocs\\code\\navona\\wordpress\\wp-includes\\formatting.php","Line":2819}

Apr 16 2025 14:22:44
{"Number":8192,"Message":"rtrim(): Passing null to parameter #1 ($string) of type string is deprecated","File":"C:\\xampp\\htdocs\\code\\navona\\wordpress\\wp-includes\\formatting.php","Line":2819}

Apr 16 2025 14:22:44
{"Number":8192,"Message":"rtrim(): Passing null to parameter #1 ($string) of type string is deprecated","File":"C:\\xampp\\htdocs\\code\\navona\\wordpress\\wp-includes\\formatting.php","Line":2819}

Apr 16 2025 14:22:44
{"Number":8,"Message":"unserialize(): Error at offset 2078 of 2160 bytes","File":"C:\\xampp\\htdocs\\code\\navona\\wordpress\\wp-content\\plugins\\all-in-one-wp-migration\\lib\\vendor\\servmask\\database\\class-ai1wm-database-utility.php","Line":83}

Apr 16 2025 14:22:44
{"Number":8,"Message":"unserialize(): Error at offset 2078 of 2237 bytes","File":"C:\\xampp\\htdocs\\code\\navona\\wordpress\\wp-content\\plugins\\all-in-one-wp-migration\\lib\\vendor\\servmask\\database\\class-ai1wm-database-utility.php","Line":83}

Apr 16 2025 14:22:44
{"Number":8,"Message":"unserialize(): Error at offset 2600 of 2813 bytes","File":"C:\\xampp\\htdocs\\code\\navona\\wordpress\\wp-content\\plugins\\all-in-one-wp-migration\\lib\\vendor\\servmask\\database\\class-ai1wm-database-utility.php","Line":83}

Apr 16 2025 14:22:45
{"Number":8,"Message":"unserialize(): Error at offset 156 of 161 bytes","File":"C:\\xampp\\htdocs\\code\\navona\\wordpress\\wp-content\\plugins\\all-in-one-wp-migration\\lib\\vendor\\servmask\\database\\class-ai1wm-database-utility.php","Line":83}

Apr 16 2025 14:22:45
{"Number":8,"Message":"unserialize(): Error at offset 157 of 162 bytes","File":"C:\\xampp\\htdocs\\code\\navona\\wordpress\\wp-content\\plugins\\all-in-one-wp-migration\\lib\\vendor\\servmask\\database\\class-ai1wm-database-utility.php","Line":83}

Apr 16 2025 14:22:45
{"Number":8,"Message":"unserialize(): Error at offset 157 of 162 bytes","File":"C:\\xampp\\htdocs\\code\\navona\\wordpress\\wp-content\\plugins\\all-in-one-wp-migration\\lib\\vendor\\servmask\\database\\class-ai1wm-database-utility.php","Line":83}

